C51 COMPILER V9.52.0.0   MAIN                                                              06/14/2020 01:07:22 PAGE 1   


C51 COMPILER V9.52.0.0, COMPILATION OF MODULE MAIN
OBJECT MODULE PLACED IN .\Objects\main.obj
COMPILER INVOKED BY: C:\za\C51\BIN\C51.EXE main.c OPTIMIZE(8,SPEED) BROWSE DEBUG OBJECTEXTEND PRINT(.\Listings\main.lst)
                    - OBJECT(.\Objects\main.obj)

line level    source

   1          #include "reg52.h"
   2          
   3          unsigned char recdat =0 ,FLAG=0 ;
   4          int recdatanum = 0 , sendflag=0;
   5          int  disp[8];
   6          sbit RS=P3^3;
   7          sbit RW=P1^0;
   8          sbit E=P3^2;
   9          
  10          void delay(unsigned int t)
  11          {
  12   1              unsigned int i =0 , j = 0;
  13   1              for(i=0;i<t;i++)
  14   1              {
  15   2                      for(j=0;j<120;j++){
  16   3                      }
  17   2              }
  18   1      }
  19          
  20          void initscon()
  21          {
  22   1              SCON=0x50;
  23   1              TMOD=0x20;
  24   1              TH1=256-1;
  25   1              TL1=256-1;
  26   1              ES=1;
  27   1              EA=1;
  28   1              TR1=1;
  29   1      }
  30          
  31          void senddat()
  32          {
  33   1              disp[recdatanum]=(int)recdat;
  34   1              recdatanum++;
  35   1              if(recdatanum == 8)
  36   1              {
  37   2                      recdatanum=0;
  38   2                      sendflag=1;
  39   2              }
  40   1              
  41   1              SBUF=recdat;
  42   1              while(!TI);
  43   1              TI=0;
  44   1      }
  45          
  46          void writedat(unsigned int dat)
  47          {
  48   1              RS = 1;
  49   1              RW = 0;
  50   1              E = 0;
  51   1              P2=dat;
  52   1              delay(5);
  53   1              E=1;
  54   1              E=0;
C51 COMPILER V9.52.0.0   MAIN                                                              06/14/2020 01:07:22 PAGE 2   

  55   1      }
  56          
  57          void writecom(unsigned int com)
  58          {
  59   1              RS = 0;
  60   1              RW = 0;
  61   1              E = 0;
  62   1              P2=com;
  63   1              delay(5);
  64   1              E=1;
  65   1              E=0;
  66   1      }
  67          
  68          void initlcd()
  69          {
  70   1              writecom(0x38);
  71   1              writecom(0x0c);
  72   1              writecom(0x06);
  73   1              writecom(0x01);
  74   1      }
  75          
  76          void display()
  77          {
  78   1              int num=0;
  79   1              writecom(0x80);
  80   1              delay(5);
  81   1              for(num=0;num<8;num++){
  82   2              writedat(disp[num]);
  83   2              delay(5);
  84   2              }
  85   1              writedat('H');
  86   1              delay(5);
  87   1              writedat('Z');
  88   1              delay(5);
  89   1              writedat('2');
  90   1              delay(5);
  91   1      }
  92          
  93          void main()
  94          {
  95   1              initlcd();
  96   1              initscon();
  97   1              display();
  98   1              while(1)
  99   1              {
 100   2                      if(sendflag==1){
 101   3                              display();
 102   3                              sendflag=0;
 103   3                      }
 104   2                      if(FLAG==1){
 105   3                              senddat();
 106   3                              FLAG=0;
 107   3                      }
 108   2              }
 109   1      }
 110          
 111          
 112          void scon_isr() interrupt 4
 113          {
 114   1              recdat=SBUF;
 115   1              RI=0;
 116   1              FLAG=1;
C51 COMPILER V9.52.0.0   MAIN                                                              06/14/2020 01:07:22 PAGE 3   

 117   1      }


MODULE INFORMATION:   STATIC OVERLAYABLE
   CODE SIZE        =    275    ----
   CONSTANT SIZE    =   ----    ----
   XDATA SIZE       =   ----    ----
   PDATA SIZE       =   ----    ----
   DATA SIZE        =     22    ----
   IDATA SIZE       =   ----    ----
   BIT SIZE         =   ----    ----
END OF MODULE INFORMATION.


C51 COMPILATION COMPLETE.  0 WARNING(S),  0 ERROR(S)
